[File, File, Image] File Name: CanonRaw.crw
[File, File, Image] File Size: 6KB
[File, File, Image] File Type: Canon RAW
[MakerNotes, CanonRaw, Camera] Raw Data: (Binary data 22 bytes)
[MakerNotes, CanonRaw, Camera] Jpg From Raw: (Binary data 26 bytes)
[MakerNotes, CanonRaw, Image] Rotation: 0
[MakerNotes, CanonRaw, Image] File Number: 116-1602
[MakerNotes, CanonRaw, Time] Shooting Date/Time: 2003:11:10 17:39:26
[MakerNotes, CanonRaw, Camera] Original File Name: CRW_1602.CRW
[MakerNotes, CanonRaw, Camera] Thumbnail File Name: CRW_1602.THM
[MakerNotes, CanonRaw, Camera] Canon File Description: 
[MakerNotes, CanonRaw, Camera] Canon File Description: EOS DIGITAL REBEL CMOS RAW
[MakerNotes, CanonRaw, Camera] Canon File Type: CRW:EOS DIGITAL REBEL CMOS RAW
[MakerNotes, CanonRaw, Camera] Owner's Name: Cindy Harvey
[MakerNotes, CanonRaw, Camera] Make: Canon
[MakerNotes, CanonRaw, Camera] Camera Model Name: Canon EOS DIGITAL REBEL
[MakerNotes, CanonRaw, Camera] Camera Body No.: 0560018150
[MakerNotes, CanonRaw, Camera] Canon Firmware Version: Firmware Version 1.1.1
[MakerNotes, CanonRaw, Camera] Focal Length: 24.0mm
[MakerNotes, Canon, Image] ISO Speed: 100
[MakerNotes, Canon, Image] Exposure Compensation: 0
[MakerNotes, Canon, Image] White Balance: Auto
[MakerNotes, Canon, Image] Sequence Number In Continuous Burst: 0
[MakerNotes, Canon, Image] Ixus AF Point: Unknown (0)
[MakerNotes, Canon, Image] Flash Exposure Compensation: +2/3
[MakerNotes, Canon, Image] Auto Exposure Bracketing: Off
[MakerNotes, Canon, Image] AEB Bracket Value: 0
[MakerNotes, Canon, Image] Focus Distance Upper: 1.42
[MakerNotes, Canon, Image] Focus Distance Lower: 1.19
[MakerNotes, Canon, Image] Av(Aperture Value): 3.6
[MakerNotes, Canon, Image] Tv(Shutter Speed): 1/64
[MakerNotes, Canon, Image] Bulb Duration: 0
[MakerNotes, Canon, Image] Self-timer 2: 0
[MakerNotes, Canon, Camera] Macro Mode: Unknown (0)
[MakerNotes, Canon, Camera] Self-timer: 0
[MakerNotes, Canon, Camera] Image Quality: RAW
[MakerNotes, Canon, Camera] Canon Flash Mode: On
[MakerNotes, Canon, Camera] Continuous Drive: Continuous
[MakerNotes, Canon, Camera] Focus Mode: AI Focus AF
[MakerNotes, Canon, Camera] Canon Image Size: Large
[MakerNotes, Canon, Camera] Easy Mode: Manual
[MakerNotes, Canon, Camera] Digital Zoom: Unknown (-1)
[MakerNotes, Canon, Camera] Contrast: +1
[MakerNotes, Canon, Camera] Saturation: +1
[MakerNotes, Canon, Camera] Sharpness: +1
[MakerNotes, Canon, Camera] Camera ISO: Use shot ISO instead
[MakerNotes, Canon, Camera] Metering Mode: Evaluative
[MakerNotes, Canon, Camera] Focus Type: Auto (2)
[MakerNotes, Canon, Camera] AF Point: Manual AF point selection
[MakerNotes, Canon, Camera] Canon Exposure Mode: Program AE
[MakerNotes, Canon, Camera] Long Focal: 55
[MakerNotes, Canon, Camera] Short Focal: 18
[MakerNotes, Canon, Camera] Focal Units: 1
[MakerNotes, Canon, Camera] Flash Activity: 0
[MakerNotes, Canon, Camera] Flash Bits: On, Internal flash
[MakerNotes, Canon, Camera] Focus Continuous: Unknown (-1)
[MakerNotes, Canon, Camera] Zoomed Resolution: 3072
[MakerNotes, Canon, Camera] Zoomed Resolution Base: 3072
[MakerNotes, Canon, Camera] Color Tone: Normal
[MakerNotes, CanonRaw, Image] Image Width: 3152
[MakerNotes, CanonRaw, Image] Image Height: 2068
[MakerNotes, CanonRaw, Camera] Decoder Table: (Binary data 16 bytes)
[MakerNotes, Canon, Image] Canon Image Width: 3072
[MakerNotes, Canon, Image] Canon Image Height: 2048
[MakerNotes, Canon, Image] Canon Image Width As Shot: 3072
[MakerNotes, Canon, Image] Canon Image Height As Shot: 2048
[MakerNotes, Canon, Image] AF Points Used: 1 (4)
[MakerNotes, CanonRaw, Camera] Red Balance Auto: 2.09135
[MakerNotes, CanonRaw, Camera] Blue Balance Auto: 0.89259
[MakerNotes, CanonRaw, Camera] Red Balance Daylight: 2.06971
[MakerNotes, CanonRaw, Camera] Blue Balance Daylight: 0.84024
[MakerNotes, CanonRaw, Camera] Red Balance Cloudy: 2.44591
[MakerNotes, CanonRaw, Camera] Blue Balance Cloudy: 0.99046
[MakerNotes, CanonRaw, Camera] Red Balance Tungsten: 2.25721
[MakerNotes, CanonRaw, Camera] Blue Balance Tungsten: 0.92027
[MakerNotes, CanonRaw, Camera] Red Balance Fluorescent: 1.34502
[MakerNotes, CanonRaw, Camera] Blue Balance Fluorescent: 0.54676
[MakerNotes, CanonRaw, Camera] Red Balance Flash: 1.78860
[MakerNotes, CanonRaw, Camera] Blue Balance Flash: 0.60898
[MakerNotes, CanonRaw, Camera] Red Balance Custom: 2.36058
[MakerNotes, CanonRaw, Camera] Blue Balance Custom: 0.94755
[MakerNotes, CanonRaw, Camera] Red Balance B&W: 2.06971
[MakerNotes, CanonRaw, Camera] Blue Balance B&W: 0.84024
[MakerNotes, CanonRaw, Camera] Red Balance Shade: 2.06971
[MakerNotes, CanonRaw, Camera] Blue Balance Shade: 0.84109
[MakerNotes, CanonRaw, Camera] Color Space: sRGB
[Composite, Composite, Image] Av(Aperture Value): 3.6
[Composite, Composite, Camera] Flash Exposure Compensation: +2/3
[Composite, Composite, Camera] Drive Mode: Continuous shooting
[Composite, Composite, Camera] Flash: On
[Composite, Composite, Camera] Flash Type: Built-In Flash
[Composite, Composite, Image] Image Size: 3152x2068
[Composite, Composite, Camera] Lens: 18.0 - 55.0mm
[Composite, Composite, Camera] Red Eye Reduction: Off
[Composite, Composite, Camera] Shooting Mode: Program AE
[Composite, Composite, Camera] Shutter Curtain Sync: 1st-curtain sync
[Composite, Composite, Image] Tv(Shutter Speed): 1/64
[Composite, Composite, Camera] Focal Length: 24.0mm
[Composite, Composite, Camera] Lens: 18.0 - 55.0mm
