[ExifTool, ExifTool, ExifTool]  - ExifTool Version Number: 5.69
[File, File, Image]  - File Name: CanonRaw_6_failed.cr2
[File, File, Image]  - Directory: t
[File, File, Image]  - File Size: 9 kB
[File, File, Time]  - File Modification Date/Time: 2005:10:19 09:45:17
[File, File, Image]  - File Type: CR2
[File, File, Image]  - MIME Type: application/unknown
[EXIF, IFD0, Image] 256 - Image Width: 1536
[EXIF, IFD0, Image] 257 - Image Height: 1024
[EXIF, IFD0, Image] 258 - Bits Per Sample: 8 8 8
[EXIF, IFD0, Image] 259 - Compression: JPEG (old-style)
[EXIF, IFD0, Camera] 271 - Make: Canon
[EXIF, IFD0, Camera] 272 - Camera Model Name: Canon EOS 350D DIGITAL
[EXIF, IFD0, Image] 273 - Preview Image Start: 8698
[EXIF, IFD0, Image] 274 - Orientation: Horizontal (normal)
[EXIF, IFD0, Image] 279 - Preview Image Length: 26
[EXIF, IFD0, Image] 282 - X Resolution: 72
[EXIF, IFD0, Image] 283 - Y Resolution: 72
[EXIF, IFD0, Image] 296 - Resolution Unit: inches
[EXIF, IFD0, Time] 306 - Date/Time Of Last Modification: 2005:08:03 18:59:18
[EXIF, ExifIFD, Image] 33434 - Shutter Speed: 1/15
[EXIF, ExifIFD, Image] 33437 - Aperture: 8.0
[EXIF, ExifIFD, Camera] 34850 - Exposure Program: Aperture-priority AE
[EXIF, ExifIFD, Image] 34855 - ISO Speed: 400
[EXIF, ExifIFD, Image] 36864 - Exif Version: 0221
[EXIF, ExifIFD, Time] 36867 - Shooting Date/Time: 2005:08:03 18:59:18
[EXIF, ExifIFD, Time] 36868 - Date/Time Of Digitization: 2005:08:03 18:59:18
[EXIF, ExifIFD, Image] 37121 - Components Configuration: 
[EXIF, ExifIFD, Image] 37377 - Shutter Speed Value: 1/15
[EXIF, ExifIFD, Image] 37378 - Aperture Value: 8.0
[EXIF, ExifIFD, Image] 37380 - Exposure Compensation: 0
[EXIF, ExifIFD, Camera] 37383 - Metering Mode: Average
[EXIF, ExifIFD, Camera] 37385 - Flash: Off
[EXIF, ExifIFD, Camera] 37386 - Focal Length: 55.0mm
[EXIF, ExifIFD, Image] 37510 - User Comment: 
[EXIF, ExifIFD, Image] 40960 - Flashpix Version: 0100
[EXIF, ExifIFD, Image] 40961 - Color Space: sRGB
[EXIF, ExifIFD, Image] 40962 - Exif Image Width: 3456
[EXIF, ExifIFD, Image] 40963 - Exif Image Length: 2304
[EXIF, InteropIFD, Image] 1 - Interoperability Index: R98
[EXIF, InteropIFD, Image] 2 - Interoperability Version: 0100
[EXIF, ExifIFD, Image] 41486 - Focal Plane X Resolution: 3954.233
[EXIF, ExifIFD, Image] 41487 - Focal Plane Y Resolution: 3958.763
[EXIF, ExifIFD, Camera] 41488 - Focal Plane Resolution Unit: inches
[EXIF, ExifIFD, Image] 41985 - Custom Rendered: Normal
[EXIF, ExifIFD, Camera] 41986 - Exposure Mode: Auto
[EXIF, ExifIFD, Camera] 41987 - White Balance: Auto
[EXIF, ExifIFD, Camera] 41990 - Scene Capture Type: Standard
[EXIF, ExifIFD, Image] 65000 - Owner Name: Phil Harvey
[EXIF, IFD1, Image] 513 - Thumbnail Offset: 8670
[EXIF, IFD1, Image] 514 - Thumbnail Length: 28
[EXIF, IFD2, Image] 256 - Image Width: 384
[EXIF, IFD2, Image] 257 - Image Height: 256
[EXIF, IFD2, Image] 258 - Bits Per Sample: 8 8 8
[EXIF, IFD2, Image] 259 - Compression: JPEG (old-style)
[EXIF, IFD2, Image] 262 - Photometric Interpretation: RGB
[EXIF, IFD2, Image] 273 - Strip Offsets: 8654
[EXIF, IFD2, Image] 277 - Samples Per Pixel: 3
[EXIF, IFD2, Image] 278 - Rows Per Strip: 256
[EXIF, IFD2, Image] 279 - Strip Byte Counts: 16
[EXIF, IFD2, Image] 284 - Planar Configuration: Chunky
[EXIF, IFD3, Image] 259 - Compression: JPEG (old-style)
[EXIF, IFD3, Image] 273 - Strip Offsets: 8638
[EXIF, IFD3, Image] 279 - Strip Byte Counts: 16
[IPTC, IPTC, Other] 25 - Keywords: CR2 test
[IPTC, IPTC, Other] 0 - Application Record Version: 4
[MakerNotes, Canon, Camera] 1 - Macro Mode: Normal
[MakerNotes, Canon, Camera] 2 - Self-timer: 0
[MakerNotes, Canon, Camera] 3 - Image Quality: RAW
[MakerNotes, Canon, Camera] 4 - Canon Flash Mode: Off
[MakerNotes, Canon, Camera] 5 - Continuous Drive: Single
[MakerNotes, Canon, Camera] 7 - Focus Mode: One-shot AF
[MakerNotes, Canon, Camera] 10 - Canon Image Size: Unknown (-1)
[MakerNotes, Canon, Camera] 11 - Easy Mode: Manual
[MakerNotes, Canon, Camera] 12 - Digital Zoom: None
[MakerNotes, Canon, Camera] 13 - Contrast: Normal
[MakerNotes, Canon, Camera] 14 - Saturation: Normal
[MakerNotes, Canon, Camera] 15 - Sharpness: Normal
[MakerNotes, Canon, Camera] 16 - Camera ISO: Unknown (32767)
[MakerNotes, Canon, Camera] 17 - Metering Mode: Center-weighted averaging
[MakerNotes, Canon, Camera] 18 - Focus Type: Auto (2)
[MakerNotes, Canon, Camera] 19 - AF Point: Unknown (0)
[MakerNotes, Canon, Camera] 20 - Canon Exposure Mode: Aperture-Priority AE
[MakerNotes, Canon, Camera] 22 - Lens Type: Unknown (-1)
[MakerNotes, Canon, Camera] 23 - Long Focal: 55
[MakerNotes, Canon, Camera] 24 - Short Focal: 18
[MakerNotes, Canon, Camera] 25 - Focal Units: 1
[MakerNotes, Canon, Camera] 26 - Max Aperture: 4
[MakerNotes, Canon, Camera] 28 - Flash Activity: 0
[MakerNotes, Canon, Camera] 29 - Flash Bits: (none)
[MakerNotes, Canon, Camera] 32 - Focus Continuous: Single
[MakerNotes, Canon, Camera] 36 - Zoomed Resolution: 0
[MakerNotes, Canon, Camera] 37 - Zoomed Resolution Base: 0
[MakerNotes, Canon, Camera] 42 - Color Tone: Normal
[MakerNotes, Canon, Image] 1 - Focal Length: 55mm
[MakerNotes, Canon, Image] 2 - Focal Plane X Size: 35.00mm
[MakerNotes, Canon, Image] 3 - Focal Plane Y Size: 15.37mm
[MakerNotes, Canon, Image] 2 - ISO Speed: 400
[MakerNotes, Canon, Image] 4 - Target Aperture: 8
[MakerNotes, Canon, Image] 5 - Target Exposure Time: 2.1
[MakerNotes, Canon, Image] 6 - Exposure Compensation: 0
[MakerNotes, Canon, Image] 7 - White Balance: Auto
[MakerNotes, Canon, Image] 9 - Shot Number In Continuous Burst: 0
[MakerNotes, Canon, Image] 14 - Ixus AF Point: Unknown (0)
[MakerNotes, Canon, Image] 15 - Flash Exposure Compensation: 0
[MakerNotes, Canon, Image] 16 - Auto Exposure Bracketing: Off
[MakerNotes, Canon, Image] 17 - AEB Bracket Value: 0
[MakerNotes, Canon, Image] 19 - Focus Distance Upper: 0
[MakerNotes, Canon, Image] 20 - Focus Distance Lower: 0
[MakerNotes, Canon, Image] 21 - Aperture: 8
[MakerNotes, Canon, Image] 22 - Shutter Speed: 1/16
[MakerNotes, Canon, Image] 24 - Bulb Duration: 0
[MakerNotes, Canon, Image] 27 - Auto Rotate: None
[MakerNotes, Canon, Image] 29 - Self-timer 2: 0
[MakerNotes, Canon, Camera] 6 - Canon Image Type: Canon EOS 350D DIGITAL
[MakerNotes, Canon, Camera] 7 - Canon Firmware Version: Firmware 1.0.2
[MakerNotes, Canon, Camera] 9 - Owner's Name: Phil Harvey
[MakerNotes, Canon, Camera] 12 - Camera Body No.: 0123456789
[MakerNotes, CanonCustom, Camera] 1 - Long Exposure Noise Reduction: Off
[MakerNotes, CanonCustom, Camera] 2 - Shutter-AE Lock: AF/AE lock
[MakerNotes, CanonCustom, Camera] 3 - Mirror Lockup: Disable
[MakerNotes, CanonCustom, Camera] 4 - Exposure Level Increments: 1/2 Stop
[MakerNotes, CanonCustom, Camera] 5 - AF Assist: Auto
[MakerNotes, CanonCustom, Camera] 6 - Flash Sync Speed Av: Auto
[MakerNotes, CanonCustom, Camera] 7 - AEB Sequence: 0,-,+/Enabled
[MakerNotes, CanonCustom, Camera] 8 - Shutter Curtain Sync: 1st-curtain sync
[MakerNotes, Canon, Image] 2 - Canon Image Width: 3456
[MakerNotes, Canon, Image] 3 - Canon Image Height: 2304
[MakerNotes, Canon, Image] 4 - Canon Image Width As Shot: 3456
[MakerNotes, Canon, Image] 5 - Canon Image Height As Shot: 2304
[MakerNotes, Canon, Image] 22 - AF Points Used: 1 (4)
[MakerNotes, Canon, Image] 1 - File Number: 100-0024
[MakerNotes, Canon, Image] 9 - Color Temperature: 5200
[Composite, Composite, Image]  - Aperture: 8.0
[Composite, Composite, Camera]  - Drive Mode: Single-frame shooting
[Composite, Composite, Camera]  - Flash: Off
[Composite, Composite, Image]  - Image Size: 1536x1024
[Composite, Composite, Camera]  - Lens: 18.0 - 55.0mm
[Composite, Composite, Image]  - Preview Image: (Binary data 26 bytes)
[Composite, Composite, Camera]  - Scale Factor To 35mm Equivalent: 1.6
[Composite, Composite, Camera]  - Shooting Mode: Aperture-Priority AE
[Composite, Composite, Image]  - Shutter Speed: 1/15
[Composite, Composite, Image]  - Thumbnail Image: (Binary data 28 bytes)
[Composite, Composite, Image]  - Circle Of Confusion: 0.019 mm
[Composite, Composite, Camera]  - Focal Length: 55.0mm (35mm equivalent: 89.2mm)
[Composite, Composite, Image]  - Hyperfocal Distance: 20.42 m
[Composite, Composite, Camera]  - Lens: 18.0 - 55.0mm (35mm equivalent: 29.2 - 89.2mm)
