  ExifToolVersion = 5.53
  FileName = CanonRaw.crw
  Directory = t
  FileSize = 6255
  FileModifyDate = 1113662230
  FileType = Canon RAW
  MimeType = application/unknown
  + [Raw directory with 3 entries]
  | 0)  RawData = <Dummy raw image data>
  | 1)  JpgFromRaw = <Dummy JpgFromRaw image data>
  | Warning = JpgFromRaw is not a valid image
  | 2)  ImageProps (SubDirectory) -->
  | + [Raw directory with 13 entries]
  | | 0)  ImageFormat (SubDirectory) -->
  | | + [BinaryData directory, 8 bytes]
  | | | FileFormat = 131073
  | | | TargetCompressionRatio = 10
  | | 1)  ImageInfo (SubDirectory) -->
  | | + [BinaryData directory, 28 bytes]
  | | | ImageWidth = 3072
  | | | ImageHeight = 2048
  | | | PixelAspectRatio = 1
  | | | Rotation = 0
  | | | ComponentBitDepth = 8
  | | | ColorBitDepth = 24
  | | | ColorBW = 257
  | | 2)  TargetImageType = 0
  | | 3)  RecordID = 0
  | | 4)  FileNumber = 1161602
  | | 5)  TimeStamp (SubDirectory) -->
  | | + [BinaryData directory, 12 bytes]
  | | | DateTimeOriginal = 1068485966
  | | | TimeZoneCode = 0
  | | | TimeZoneInfo = 0
  | | 6)  OriginalFileName = CRW_1602.CRW
  | | 7)  ThumbnailFileName = CRW_1602.THM
  | | 8)  UserComment = 
  | | 9)  MeasuredInfo (SubDirectory) -->
  | | + [Raw directory with 1 entries]
  | | | 0)  MeasuredEV = -0.375
  | | 10) ImageDescription (SubDirectory) -->
  | | + [Raw directory with 2 entries]
  | | | 0)  CanonFileDescription = EOS DIGITAL REBEL CMOS RAW
  | | | 1)  CanonImageType = CRW:EOS DIGITAL REBEL CMOS RAW
  | | 11) CameraObject (SubDirectory) -->
  | | + [Raw directory with 3 entries]
  | | | 0)  OwnerName = Phil Harvey
  | | | 1)  CanonRawMakeModel (SubDirectory) -->
  | | | + [BinaryData directory, 32 bytes]
  | | | | Make = Canon
  | | | | Model = Canon EOS DIGITAL REBEL
  | | | 2)  CameraSpecification (SubDirectory) -->
  | | | + [Raw directory with 4 entries]
  | | | | 0)  SerialNumber = 560018150
  | | | | 1)  BaseISO = 100
  | | | | 2)  ROMOperationMode = USA
  | | | | 3)  CanonFirmwareVersion = Firmware Version 1.1.1
  | | 12) ExifInformation (SubDirectory) -->
  | | + [Raw directory with 23 entries]
  | | | 0)  CanonRaw_0x5028 = 0
  | | | 1)  CanonFocalLength (SubDirectory) -->
  | | | + [BinaryData directory, 8 bytes]
  | | | | FocalLength = 24
  | | | | FocalPlaneXSize = 914
  | | | | FocalPlaneYSize = 610
  | | | 2)  CanonShotInfo (SubDirectory) -->
  | | | + [BinaryData directory, 66 bytes]
  | | | | ISO = 160
  | | | | TargetAperture = 116
  | | | | TargetExposureTime = 189
  | | | | ExposureCompensation = 0
  | | | | WhiteBalance = 0
  | | | | SequenceNumber = 0
  | | | | IxusAFPoint = 0
  | | | | FlashExposureComp = 20
  | | | | AutoExposureBracketing = 0
  | | | | AEBBracketValue = 0
  | | | | FocusDistanceUpper = 142
  | | | | FocusDistanceLower = 119
  | | | | FNumber = 116
  | | | | ExposureTime = 192
  | | | | BulbDuration = 0
  | | | | AutoRotate = 0
  | | | | Self-timer2 = 0
  | | | 3)  CanonRaw_0x1093 = 18 0 0 0 0 0 65535 65535 65535
  | | | 4)  CanonCameraSettings (SubDirectory) -->
  | | | + [BinaryData directory, 92 bytes]
  | | | | MacroMode = 0
  | | | | Self-timer = 0
  | | | | Quality = 4
  | | | | CanonFlashMode = 2
  | | | | ContinuousDrive = 1
  | | | | FocusMode = 2
  | | | | CanonImageSize = 0
  | | | | EasyMode = 1
  | | | | DigitalZoom = -1
  | | | | Contrast = 1
  | | | | Saturation = 1
  | | | | Sharpness = 1
  | | | | CameraISO = 0
  | | | | MeteringMode = 3
  | | | | FocusType = 2
  | | | | AFPoint = 8197
  | | | | CanonExposureMode = 1
  | | | | LensType = -1
  | | | | LongFocal = 55
  | | | | ShortFocal = 18
  | | | | FocalUnits = 1
  | | | | MaxAperture = 116
  | | | | FlashActivity = 0
  | | | | FlashBits = 8200
  | | | | FocusContinuous = -1
  | | | | ZoomedResolution = 3072
  | | | | ZoomedResolutionBase = 3072
  | | | | ColorTone = 0
  | | | 5)  CanonRaw_0x0036 = Binary data 3714 bytes
  | | | 6)  CanonRaw_0x5834 = 2147484016
  | | | 7)  SensorInfo (SubDirectory) -->
  | | | + [BinaryData directory, 34 bytes]
  | | | | SensorWidth = 3152
  | | | | SensorHeight = 2068
  | | | | SensorLeftBorder = 72
  | | | | SensorTopBorder = 16
  | | | | SensorRightBorder = 3143
  | | | | SensorBottomBorder = 2063
  | | | 8)  DecoderTable = 1 0 514 4120111
  | | | 9)  CanonPictureInfo (SubDirectory) -->
  | | | + [BinaryData directory, 48 bytes]
  | | | | CanonImageWidth = 3072
  | | | | CanonImageHeight = 2048
  | | | | CanonImageWidthAsShot = 3072
  | | | | CanonImageHeightAsShot = 2048
  | | | | AFPointsUsed = 8
  | | | 10) CanonRaw_0x10c0 = 26 331 372 372 177 240 428 429 277 186 510 511 442
  | | | 11) CanonRaw_0x10c1 = 26 299 375 375 170 202 394 395 240 153 453 454 375
  | | | 12) CanonRaw_0x10c2 = Binary data 884 bytes
  | | | 13) CanonRaw_0x10aa = 10 554 1022 1026 754
  | | | 14) CanonRaw_0x10a8 = 20 5528 5190 7000 5987 3214 3897 6457 5190 5200
  | | | 15) CanonRaw_0x10ad = 62 20127 8480 7000 6000 5600 5200 4724 4200 3266 1446 [snip]
  | | | 16) ColorTemperature = 5200
  | | | 17) CanonRaw_0x10af = 1024
  | | | 18) WhiteBalanceTable (SubDirectory) -->
  | | | + [BinaryData directory, 80 bytes]
  | | | | RedBalanceAuto = 2.09135
  | | | | BlueBalanceAuto = 0.892589
  | | | | RedBalanceDaylight = 2.06971
  | | | | BlueBalanceDaylight = 0.840243
  | | | | RedBalanceCloudy = 2.44591
  | | | | BlueBalanceCloudy = 0.990465
  | | | | RedBalanceTungsten = 2.25721
  | | | | BlueBalanceTungsten = 0.920266
  | | | | RedBalanceFluorescent = 1.34502
  | | | | BlueBalanceFluorescent = 0.546763
  | | | | RedBalanceFlash = 1.7886
  | | | | BlueBalanceFlash = 0.608979
  | | | | RedBalanceCustom = 2.36058
  | | | | BlueBalanceCustom = 0.947548
  | | | | RedBalanceB&W = 2.06971
  | | | | BlueBalanceB&W = 0.840243
  | | | | RedBalanceShade = 2.06971
  | | | | BlueBalanceShade = 0.841093
  | | | 19) ColorSpace = 1
  | | | 20) CanonRaw_0x10b5 = 10 3 1 2048 1360
  | | | 21) CanonRaw_0x1039 = 0 159 7 112
  | | | 22) CanonRaw_0x183b = 2415919104
