[File, File, Image] File Name: Casio2.jpg
[File, File, Image] File Size: 34KB
[File, File, Image] File Type: JPG
[File, File, Image] Image Width: 160
[File, File, Image] Image Height: 120
[EXIF, IFD0, Camera] Make: CASIO COMPUTER CO.,LTD 
[EXIF, IFD0, Camera] Camera Model Name: EX-Z3  
[EXIF, IFD0, Image] Orientation: Horizontal (normal)
[EXIF, IFD0, Image] X Resolution: 72
[EXIF, IFD0, Image] Y Resolution: 72
[EXIF, IFD0, Image] Resolution Unit: inches
[EXIF, IFD0, Image] Software: 1.00                 
[EXIF, IFD0, Time] Date/Time Of Last Modification: 2003:04:17 11:23:49
[EXIF, IFD0, Image] Y Cb Cr Positioning: Centered
[EXIF, ExifIFD, Image] Tv(Shutter Speed): 1/400
[EXIF, ExifIFD, Image] Av(Aperture Value): 4.3
[EXIF, ExifIFD, Camera] Exposure Program: Program AE
[EXIF, ExifIFD, Image] Exif Version: 0220
[EXIF, ExifIFD, Time] Shooting Date/Time: 2003:04:17 11:23:49
[EXIF, ExifIFD, Time] Date/Time Of Digitization: 2003:04:17 11:23:49
[EXIF, ExifIFD, Image] Components Configuration: YCbCr
[EXIF, ExifIFD, Image] Compressed Bits Per Pixel: 0.5332
[EXIF, ExifIFD, Image] Exposure Compensation: 0
[EXIF, ExifIFD, Camera] Max Aperture Value: 2.6
[EXIF, ExifIFD, Camera] Metering Mode: Multi-segment
[EXIF, ExifIFD, Camera] Light Source: Unknown (0)
[EXIF, ExifIFD, Camera] Flash: Off
[EXIF, ExifIFD, Camera] Focal Length: 5.8mm
[EXIF, ExifIFD, Image] Flashpix Version: 0100
[EXIF, ExifIFD, Image] Color Space: sRGB
[EXIF, ExifIFD, Image] Exif Image Width: 2048
[EXIF, ExifIFD, Image] Exif Image Length: 1536
[EXIF, ExifIFD, Image] File Source: Digital Camera
[EXIF, ExifIFD, Image] Custom Rendered: Normal
[EXIF, ExifIFD, Camera] Exposure Mode: Auto
[EXIF, ExifIFD, Camera] Digital Zoom Ratio: inf
[EXIF, ExifIFD, Camera] Focal Length In 35mm Format: 35
[EXIF, ExifIFD, Camera] Scene Capture Type: Standard
[EXIF, ExifIFD, Camera] Gain Control: None
[EXIF, ExifIFD, Camera] Contrast: Normal
[EXIF, ExifIFD, Camera] Saturation: Normal
[EXIF, ExifIFD, Camera] Sharpness: Normal
[EXIF, IFD1, Image] Compression: JPEG (old-style)
[EXIF, IFD1, Image] Thumbnail Offset: 30164
[EXIF, IFD1, Image] Thumbnail Length: 3764
[MakerNotes, Casio, Image] Preview Image Size: 320x240
[MakerNotes, Casio, Image] Preview Image Length: 28874
[MakerNotes, Casio, Image] Preview Image Start: 1270
[MakerNotes, Casio, Camera] White Balance Bias: 92 78
[MakerNotes, Casio, Camera] White Balance: Auto?
[MakerNotes, Casio, Camera] Object Distance: 536870.912 m
[MakerNotes, Casio, Camera] Flash Distance: 0
[MakerNotes, Casio, Camera] Record Mode: Normal
[MakerNotes, Casio, Camera] Self Timer: Off
[MakerNotes, Casio, Camera] Quality: Fine
[MakerNotes, Casio, Camera] Focus Mode: Single-Area Auto Focus
[MakerNotes, Casio, Camera] Time Zone: 
[MakerNotes, Casio, Camera] Bestshot Mode: Off
[MakerNotes, Casio, Camera] CCD ISO Sensitivity: 50
[MakerNotes, Casio, Camera] Color Mode: Off
[MakerNotes, Casio, Camera] Enhancement: Off
[MakerNotes, Casio, Camera] Filter: Off
[Composite, Composite, Image] Av(Aperture Value): 4.3
[Composite, Composite, Image] Image Size: 160x120
[Composite, Composite, Image] Preview Image: (Binary data 28874 bytes)
[Composite, Composite, Camera] Scale Factor To 35mm Equivalent: 6.0
[Composite, Composite, Image] Tv(Shutter Speed): 1/400
[Composite, Composite, Image] Thumbnail Image: (Binary data 3764 bytes)
[Composite, Composite, Camera] Focal Length: 5.8mm (35mm equivalent: 35.0mm)
