AEBBracketValue: 0
AFPoint: Unknown (0)
AFPointsUsed: 0 ()
Aperture: 14.0
ApertureValue: 14.0
AutoExposureBracketing: Off
AutoRotate: None
BlueBalanceAuto: 0.83939
BlueBalanceB&W: 0.84024
BlueBalanceCloudy: 0.99047
BlueBalanceCustom: 0.92849
BlueBalanceDaylight: 0.84024
BlueBalanceFlash: 0.60898
BlueBalanceFluorescent: 0.54676
BlueBalanceShade: 0.84109
BlueBalanceTungsten: 0.92027
BulbDuration: 4
CameraISO: Use shot ISO instead
CanonExposureMode: Manual
CanonFileLength: 4480822
CanonFirmwareVersion: Firmware Version 1.1.1
CanonFlashMode: Off
CanonImageHeight: 2048
CanonImageHeightAsShot: 2048
CanonImageSize: Large
CanonImageType: CRW:EOS DIGITAL REBEL CMOS RAW
CanonImageWidth: 3072
CanonImageWidthAsShot: 3072
CircleOfConfusion: 0.019 mm
ColorSpace: sRGB
ColorTemperature: 5200
ColorTone: Normal
ComponentsConfiguration: YCbCr
CompressedBitsPerPixel: 9
ContinuousDrive: Continuous
Contrast: +1
CreateDate: 2003:12:04 06:46:52
CustomRendered: Normal
DateTimeOriginal: 2003:12:04 06:46:52
DigitalZoom: Unknown (-1)
Directory: t
DriveMode: Continuous shooting
EasyMode: Manual
ExifImageLength: 120
ExifImageWidth: 160
ExifToolVersion: 5.46
ExifVersion: 0221
ExposureCompensation: 0
ExposureCompensation (1): 0
ExposureMode: Manual
ExposureTime: 4
ExposureTime (1): 128
FNumber: 14.0
FNumber (1): 14
FileModifyDate: 2005:05:25 13:40:58
FileName: ExifTool.jpg
FileNumber: 118-1861
FileSize: 3KB
FileSource: Digital Camera
FileType: JPEG
Flash: No Flash
FlashActivity: 0
FlashBits: (none)
FlashExposureComp: 0
FlashOn: Off
FlashpixVersion: 0100
FocalLength: 34.0mm
FocalLength (1): 34mm
FocalLength35efl: 34.0mm (35mm equivalent: 54.0mm)
FocalPlaneResolutionUnit: inches
FocalPlaneXResolution: 3443.95
FocalPlaneXSize: 23.22mm
FocalPlaneYResolution: 3442.02
FocalPlaneYSize: 15.49mm
FocalUnits: 1
FocusContinuous: Unknown (-1)
FocusDistanceLower: 5.46
FocusDistanceUpper: -0.01
FocusMode: Manual Focus
FocusType: Auto (2)
HyperfocalDistance: 4.37 m
ISO: 100
ISO (1): 100
ImageHeight: 120
ImageSize: 160x120
ImageWidth: 160
InteropIndex: THM
InteropVersion: 0100
IxusAFPoint: Unknown (0)
Lens: 18.0 - 55.0mm
Lens35efl: 18.0 - 55.0mm (35mm equivalent: 28.6 - 87.4mm)
LensType: Unknown (-1)
LongFocal: 55
MacroMode: Unknown (0)
Make: Canon
MaxAperture: 4
MaxApertureValue: 4.5
MeteringMode: Center-weighted averaging
MeteringMode (1): Average
Model: Canon EOS DIGITAL REBEL
ModifyDate: 2003:12:04 06:46:52
Orientation: Horizontal (normal)
OwnerName: Phil Harvey
Quality: RAW
RedBalanceAuto: 2.06611
RedBalanceB&W: 2.06971
RedBalanceCloudy: 2.44591
RedBalanceCustom: 2.32332
RedBalanceDaylight: 2.06971
RedBalanceFlash: 1.78860
RedBalanceFluorescent: 1.34502
RedBalanceShade: 2.06971
RedBalanceTungsten: 2.25721
RelatedImageLength: 2048
RelatedImageWidth: 3072
ResolutionUnit: inches
Saturation: +1
ScaleFactor35efl: 1.6
SceneCaptureType: Standard
Self-timer: 0
Self-timer2: 0
SensingMethod: One-chip color area
SequenceNumber: 0
SerialNumber: 0560018150
Sharpness: +1
ShootingMode: Manual
ShortFocal: 18
ShutterSpeed: 4
ShutterSpeedValue: 0
TargetAperture: 14
UserComment: 
WhiteBalance: Auto
WhiteBalance (1): Auto
XResolution: 180
YCbCrPositioning: Centered
YResolution: 180
ZoomedResolution: 3072
ZoomedResolutionBase: 3072
