---- Canon ----
AEBBracketValue : 0
AFPointsUsed : (none)
AutoExposureBracketing : Off
AutoISO : 100
AutoRotate : None
BaseISO : 100
BracketMode : Off
BracketShotNumber : 0
BracketValue : 0
BulbDuration : 4
CameraISO : n/a
CameraType : EOS Mid-range
CanonExposureMode : Manual
CanonFileLength : 4480822
CanonFirmwareVersion : Firmware Version 1.1.1
CanonFlashMode : Off
CanonImageHeight : 2048
CanonImageHeightAsShot : 2048
CanonImageSize : Large
CanonImageType : CRW:EOS DIGITAL REBEL CMOS RAW
CanonImageWidth : 3072
CanonImageWidthAsShot : 3072
CanonModelID : EOS Digital Rebel / 300D / Kiss Digital
ColorSpace (1) : sRGB
ColorTemperature : 5200
ColorTone : Normal
ContinuousDrive : Continuous
Contrast : +1
DigitalZoom : Unknown (-1)
EasyMode : Manual
ExposureCompensation : 0
ExposureTime (1) : 128
FNumber (1) : 14
FileNumber : 118-1861
FlashActivity : 0
FlashBits : (none)
FlashExposureComp : 0
FlashGuideNumber : 0
FocalLength (1) : 34mm
FocalPlaneXSize : 23.22mm
FocalPlaneYSize : 15.49mm
FocalUnits : 1
FocusDistanceLower : 5.46
FocusDistanceUpper : -0.01
FocusMode : Manual Focus
FocusRange : Not Known
LensType : Unknown (-1)
LongFocal : 55mm
MacroMode : Unknown (0)
MaxAperture : 4
MeasuredEV : -6.25
MeteringMode : Center-weighted averaging
MinAperture : 27
NDFilter : Unknown (-1)
NumAFPoints : 7
OpticalZoomCode : 8
OwnerName : Phil Harvey
Quality : RAW
RecordMode : CRW+THM
Saturation : +1
Self-timer : 0
Self-timer2 : 0
SequenceNumber : 0
SerialNumber : 0560018150
SerialNumberFormat : Format 1
Sharpness : +1
ShortFocal : 18mm
SlowShutter : None
TargetAperture : 14
WB_RGGBLevelsAuto : 1719 832 831 990
WB_RGGBLevelsCloudy : 1878 832 831 903
WB_RGGBLevelsCustom : 1722 832 831 989
WB_RGGBLevelsDaylight : 1722 832 831 989
WB_RGGBLevelsFlash : 1933 832 831 895
WB_RGGBLevelsFluorescent : 1506 842 841 1381
WB_RGGBLevelsKelvin : 1722 832 831 988
WB_RGGBLevelsShade : 2035 832 831 839
WB_RGGBLevelsTungsten : 1228 913 912 1668
WhiteBalance : Auto
ZoomSourceWidth : 3072
ZoomTargetWidth : 3072
---- Composite ----
Aperture : 14.0
BlueBalance : 1.190619
CircleOfConfusion : 0.019 mm
DriveMode : Continuous shooting
FlashOn : Off
FocalLength35efl : 34.0mm (35mm equivalent: 52.7mm)
HyperfocalDistance : 4.26 m
ISO (1) : 100
ImageSize : 8x8
Lens : 18.0 - 55.0mm
Lens35efl : 18.0 - 55.0mm (35mm equivalent: 27.9 - 85.3mm)
LightValue : 5.6
RedBalance : 2.067348
ScaleFactor35efl : 1.6
ShootingMode : Manual
ShutterSpeed : 4
WB_RGGBLevels : 1719 832 831 990
---- ExifIFD ----
ApertureValue : 14.0
ColorSpace : sRGB
ComponentsConfiguration : YCbCr
CompressedBitsPerPixel : 9
CreateDate : 2003:12:04 06:46:52
CustomRendered : Normal
DateTimeOriginal : 2003:12:04 06:46:52
ExifImageLength : 120
ExifImageWidth : 160
ExifVersion : 0221
ExposureCompensation (1) : 0
ExposureMode : Manual
ExposureTime : 4
FNumber : 14.0
FileSource : Digital Camera
Flash : No Flash
FlashpixVersion : 0100
FocalLength : 34.0mm
FocalPlaneResolutionUnit : inches
FocalPlaneXResolution : 3443.946
FocalPlaneYResolution : 3442.017
ISO : 100
MaxApertureValue : 4.5
MeteringMode (1) : Average
SceneCaptureType : Standard
SensingMethod : One-chip color area
ShutterSpeedValue : 0
UserComment : 
WhiteBalance (1) : Auto
---- File ----
Directory : t/images
FileModifyDate : 2006:10:16 12:04:41
FileName : Canon.jpg
FileSize : 3 kB
FileType : JPEG
ImageHeight : 8
ImageWidth : 8
MIMEType : image/jpeg
---- IFD0 ----
Make : Canon
Model : Canon EOS DIGITAL REBEL
ModifyDate : 2003:12:04 06:46:52
Orientation : Horizontal (normal)
ResolutionUnit : inches
XResolution : 180
YCbCrPositioning : Centered
YResolution : 180
---- InteropIFD ----
InteropIndex : THM - DCF thumbnail file
InteropVersion : 0100
RelatedImageLength : 2048
RelatedImageWidth : 3072
