[Canon, MakerNotes, Image] ISO Speed: 100
[Canon, MakerNotes, Image] Exposure Compensation: 0
[Canon, MakerNotes, Image] White Balance: Auto
[Canon, MakerNotes, Image] Sequence Number In Continuous Burst: 0
[Canon, MakerNotes, Image] Ixus AF Point: Unknown (0)
[Canon, MakerNotes, Image] Flash Exposure Compensation: 0
[Canon, MakerNotes, Image] Auto Exposure Bracketing: Off
[Canon, MakerNotes, Image] AEB Bracket Value: 0
[Canon, MakerNotes, Image] Focus Distance Upper: -0.01
[Canon, MakerNotes, Image] Focus Distance Lower: 5.46
[Canon, MakerNotes, Image] Av(Aperture Value): 14
[Canon, MakerNotes, Image] Tv(Shutter Speed): 128
[Canon, MakerNotes, Image] Bulb Duration: 4
[Canon, MakerNotes, Image] Self-timer 2: 0
[Canon, MakerNotes, Image] Canon File Length: 4480822
[Canon, MakerNotes, Image] Canon Image Width: 3072
[Canon, MakerNotes, Image] Canon Image Height: 2048
[Canon, MakerNotes, Image] Canon Image Width As Shot: 3072
[Canon, MakerNotes, Image] Canon Image Height As Shot: 2048
[Canon, MakerNotes, Image] AF Points Used: 0 ()
