[File, File, Image] File Name: FujiFilm.jpg
[File, File, Image] File Size: 13KB
[File, File, Image] File Type: JPG
[File, File, Image] Image Width: 160
[File, File, Image] Image Height: 120
[IFD0, EXIF, Camera] Make: FUJIFILM
[IFD0, EXIF, Camera] Camera Model Name: FinePix2400Zoom
[IFD0, EXIF, Image] Orientation: Horizontal (normal)
[IFD0, EXIF, Image] X Resolution: 72
[IFD0, EXIF, Image] Y Resolution: 72
[IFD0, EXIF, Image] Resolution Unit: inches
[IFD0, EXIF, Image] Software: Digital Camera FinePix2400Zoom Ver1.70
[IFD0, EXIF, Time] Date/Time Of Last Modification: 2001:05:19 18:36:41
[IFD0, EXIF, Image] Y Cb Cr Positioning: Co-sited
[IFD0, EXIF, Author] Copyright:           
[ExifIFD, EXIF, Image] Av(Aperture Value): 3.5
[ExifIFD, EXIF, Camera] Exposure Program: Program AE
[ExifIFD, EXIF, Image] ISO Speed: 100
[ExifIFD, EXIF, Image] Exif Version: 0210
[ExifIFD, EXIF, Time] Shooting Date/Time: 2001:05:19 18:36:41
[ExifIFD, EXIF, Time] Date/Time Of Digitization: 2001:05:19 18:36:41
[ExifIFD, EXIF, Image] Components Configuration: YCbCr
[ExifIFD, EXIF, Image] Compressed Bits Per Pixel: 1.6
[ExifIFD, EXIF, Image] Shutter Speed Value: 1/64
[ExifIFD, EXIF, Image] Aperture Value: 3.5
[ExifIFD, EXIF, Image] Brightness Value: 2
[ExifIFD, EXIF, Image] Exposure Compensation: 0
[ExifIFD, EXIF, Camera] Max Aperture Value: 3.5
[ExifIFD, EXIF, Camera] Metering Mode: Multi-segment
[ExifIFD, EXIF, Camera] Flash: Fired
[ExifIFD, EXIF, Camera] Focal Length: 6.0mm
[ExifIFD, EXIF, Image] Flash Pix Version: 0100
[ExifIFD, EXIF, Image] Color Space: sRGB
[ExifIFD, EXIF, Image] Exif Image Width: 1600
[ExifIFD, EXIF, Image] Exif Image Length: 1200
[ExifIFD, EXIF, Image] Focal Plane X Resolution: 3053
[ExifIFD, EXIF, Image] Focal Plane Y Resolution: 3053
[ExifIFD, EXIF, Camera] Focal Plane Resolution Unit: cm
[ExifIFD, EXIF, Camera] Sensing Method: One-chip color area
[ExifIFD, EXIF, Image] File Source: Digital Camera
[ExifIFD, EXIF, Image] Scene Type: Directly photographed
[FujiFilm, MakerNotes, Camera] Version: 0130
[FujiFilm, MakerNotes, Camera] Image Quality: NORMAL 
[FujiFilm, MakerNotes, Camera] Sharpness: +1
[FujiFilm, MakerNotes, Camera] White Balance: Auto
[FujiFilm, MakerNotes, Camera] Fuji Flash Mode: Red-eye reduction
[FujiFilm, MakerNotes, Camera] Flash Strength: 0
[FujiFilm, MakerNotes, Camera] Macro: Off
[FujiFilm, MakerNotes, Camera] Focus Mode: Auto
[FujiFilm, MakerNotes, Camera] Slow Sync: Off
[FujiFilm, MakerNotes, Camera] Picture Mode: Auto
[FujiFilm, MakerNotes, Camera] Auto Bracketing: Off
[FujiFilm, MakerNotes, Camera] Blur Warning: None
[FujiFilm, MakerNotes, Camera] Focus Warning: Good
[FujiFilm, MakerNotes, Camera] Exposure Warning: Good
[InteropIFD, EXIF, Image] Interoperability Index: R98
[InteropIFD, EXIF, Image] Interoperability Version: 0100
[IFD1, EXIF, Image] Compression: JPEG
[IFD1, EXIF, Image] Orientation: Horizontal (normal)
[IFD1, EXIF, Image] X Resolution: 72
[IFD1, EXIF, Image] Y Resolution: 72
[IFD1, EXIF, Image] Resolution Unit: inches
[IFD1, EXIF, Image] Thumbnail Offset: 1447
[IFD1, EXIF, Image] Thumbnail Length: 10903
[IFD1, EXIF, Image] Y Cb Cr Positioning: Co-sited
[Composite, Composite, Image] Av(Aperture Value): 3.5
[Composite, Composite, Image] Image Size: 160x120
[Composite, Composite, Camera] Scale Factor To 35mm Equivalent: 6.6
[Composite, Composite, Image] Tv(Shutter Speed): 1/64
[Composite, Composite, Image] Thumbnail Image: (Binary data 10903 bytes)
[Composite, Composite, Camera] Focal Length: 6.0mm (35mm equivalent: 39.6mm)
