[File, File, Image] File Name: GeoTiff.tif
[File, File, Image] File Size: 3KB
[File, File, Image] File Type: TIFF
[EXIF, IFD0, Image] Image Width: 25
[EXIF, IFD0, Image] Image Height: 24
[EXIF, IFD0, Image] Bits Per Sample: 8
[EXIF, IFD0, Image] Compression: Uncompressed
[EXIF, IFD0, Image] Photometric Interpretation: RGB Palette
[EXIF, IFD0, Image] Strip Offsets: 2060
[EXIF, IFD0, Image] Rows Per Strip: 24
[EXIF, IFD0, Image] Strip Byte Counts: 600
[EXIF, IFD0, Image] X Resolution: 72
[EXIF, IFD0, Image] Y Resolution: 72
[EXIF, IFD0, Image] Resolution Unit: inches
[EXIF, IFD0, Image] Color Map: (Binary data 1536 bytes)
[EXIF, IFD0, Location] Model Transform: 33.4179196429669 35.8363313794284 0 691955.165684031 35.8363313794284 -33.4179196429669 0 2791710.99012603 0 0 0 0 0 0 0 1
[Composite, Composite, Image] Image Size: 25x24
[GeoTiff, GeoTiff, Location] Geo Tiff Version: 1.1.0
[GeoTiff, GeoTiff, Location] GT Model Type: Projected
[GeoTiff, GeoTiff, Location] GT Raster Type: Pixel Is Area
[GeoTiff, GeoTiff, Location] Geographic Type: User Defined
[GeoTiff, GeoTiff, Location] Geog Citation: Hough UTM zone 17N
[GeoTiff, GeoTiff, Location] Geog Geodetic Datum: User Defined
[GeoTiff, GeoTiff, Location] Geog Semi Major Axis: 6378270
[GeoTiff, GeoTiff, Location] Geog Semi Minor Axis: 6356794.343479
[GeoTiff, GeoTiff, Location] Projected CS Type: User Defined
[GeoTiff, GeoTiff, Location] PCS Citation: Hough UTM zone 17N
[GeoTiff, GeoTiff, Location] Projection: UTM zone 17N
