[File, File, Image] File Name: IPTC-XMP.jpg
[File, File, Image] File Size: 22KB
[File, File, Image] File Type: JPG
[File, File, Image] Image Width: 100
[File, File, Image] Image Height: 80
[IFD0, EXIF, Image] Image Description: A witty caption
[IFD0, EXIF, Camera] Make: FUJIFILM
[IFD0, EXIF, Camera] Camera Model Name: FinePix2400Zoom
[IFD0, EXIF, Image] Orientation: Horizontal (normal)
[IFD0, EXIF, Image] X Resolution: 72
[IFD0, EXIF, Image] Y Resolution: 72
[IFD0, EXIF, Image] Resolution Unit: inches
[IFD0, EXIF, Image] Software: Adobe Photoshop 7.0
[IFD0, EXIF, Time] Date/Time Of Last Modification: 2004:02:26 09:36:46
[IFD0, EXIF, Author] Artist: Phil Harvey
[IFD0, EXIF, Image] Y Cb Cr Positioning: Co-sited
[IFD0, EXIF, Author] Copyright: Copyright 2004 Phil Harvey
[ExifIFD, EXIF, Image] Av(Aperture Value): 3.5
[ExifIFD, EXIF, Camera] Exposure Program: Program AE
[ExifIFD, EXIF, Image] ISO Speed: 100
[ExifIFD, EXIF, Image] Exif Version: 0210
[ExifIFD, EXIF, Time] Shooting Date/Time: 2001:05:19 18:36:41
[ExifIFD, EXIF, Time] Date/Time Of Digitization: 2001:05:19 18:36:41
[ExifIFD, EXIF, Image] Components Configuration: YCbCr
[ExifIFD, EXIF, Image] Compressed Bits Per Pixel: 1.6
[ExifIFD, EXIF, Image] Shutter Speed Value: 1/64
[ExifIFD, EXIF, Image] Aperture Value: 3.5
[ExifIFD, EXIF, Image] Brightness Value: 2
[ExifIFD, EXIF, Image] Exposure Compensation: 0
[ExifIFD, EXIF, Camera] Max Aperture Value: 3.5
[ExifIFD, EXIF, Camera] Metering Mode: Multi-segment
[ExifIFD, EXIF, Camera] Flash: Fired
[ExifIFD, EXIF, Camera] Focal Length: 6.0mm
[ExifIFD, EXIF, Image] Flash Pix Version: 0100
[ExifIFD, EXIF, Image] Color Space: sRGB
[ExifIFD, EXIF, Image] Exif Image Width: 100
[ExifIFD, EXIF, Image] Exif Image Length: 80
[ExifIFD, EXIF, Image] Focal Plane X Resolution: 3053
[ExifIFD, EXIF, Image] Focal Plane Y Resolution: 3053
[ExifIFD, EXIF, Camera] Focal Plane Resolution Unit: cm
[ExifIFD, EXIF, Camera] Sensing Method: One-chip color area
[ExifIFD, EXIF, Image] File Source: Digital Camera
[ExifIFD, EXIF, Image] Scene Type: Directly photographed
[IFD1, EXIF, Image] Compression: JPEG
[IFD1, EXIF, Image] X Resolution: 72
[IFD1, EXIF, Image] Y Resolution: 72
[IFD1, EXIF, Image] Resolution Unit: inches
[IFD1, EXIF, Image] Thumbnail Offset: 842
[IFD1, EXIF, Image] Thumbnail Length: 0
[IPTC, IPTC, Other] Application Record Version: 2
[IPTC, IPTC, Other] Caption-Abstract: A witty caption
[IPTC, IPTC, Author] Writer-Editor: I wrote it
[IPTC, IPTC, Other] Headline: No headline
[IPTC, IPTC, Other] Special Instructions: What instructions
[IPTC, IPTC, Author] By-line: Phil Harvey
[IPTC, IPTC, Author] By-line Title: My Position
[IPTC, IPTC, Author] Credit: My Credit
[IPTC, IPTC, Author] Source: I'm the source
[IPTC, IPTC, Other] Object Name: Test IPTC picture
[IPTC, IPTC, Other] Date Created: 2004:02:26
[IPTC, IPTC, Location] City: Kingston
[IPTC, IPTC, Location] Province-State: Ont
[IPTC, IPTC, Location] Country-Primary Location Name: Canada
[IPTC, IPTC, Other] Original Transmission Reference: What is a transmission reference
[IPTC, IPTC, Other] Category: 1
[IPTC, IPTC, Other] Supplemental Category: amazing, image, utilities
[IPTC, IPTC, Other] Urgency: 8
[IPTC, IPTC, Other] Keywords: ExifTool, Test, XMP
[IPTC, IPTC, Author] Copyright Notice: Copyright 2004 Phil Harvey
[XMP, XMP, Unknown] Caption Writer: I wrote it
[XMP, XMP, Unknown] Headline: No headline
[XMP, XMP, Unknown] Instructions: What instructions
[XMP, XMP, Unknown] Authors Position: My Position
[XMP, XMP, Unknown] Credit: My Credit
[XMP, XMP, Unknown] Source: I&apos;m the source
[XMP, XMP, Unknown] City: Kingston
[XMP, XMP, Unknown] State: Ont
[XMP, XMP, Unknown] Country: Canada
[XMP, XMP, Unknown] Transmission Reference: What is a transmission reference?
[XMP, XMP, Unknown] Category: 1
[XMP, XMP, Time] Date Created: 2004:02:26
[XMP, XMP, Unknown] Urgency: 8
[XMP, XMP, Unknown] Supplemental Categories: amazing, image, utilities
[XMP, XMP, Unknown] Name: My Job
[XMP, XMP, Unknown] Job Ref: 
[XMP, XMP, Unknown] Document ID: adobe:docid:photoshop:4cc7b857-69d0-11d8-8ac4-bb59c92f0d9a
[XMP, XMP, Unknown] Web Statement: http://owl.phy.queensu.ca/~phil/exiftool/
[XMP, XMP, Unknown] Marked: False
[XMP, XMP, Unknown] Description: A witty caption
[XMP, XMP, Unknown] Creator: Phil Harvey
[XMP, XMP, Unknown] Title: Test IPTC picture
[XMP, XMP, Unknown] Rights: Copyright 2004 Phil Harvey
[XMP, XMP, Unknown] Subject: ExifTool, Test, XMP
[Composite, Composite, Image] Av(Aperture Value): 3.5
[Composite, Composite, Image] Image Size: 100x80
[Composite, Composite, Camera] Scale Factor To 35mm Equivalent: 103.1
[Composite, Composite, Image] Tv(Shutter Speed): 1/64
[Composite, Composite, Image] Thumbnail Image: (Binary data 0 bytes)
[Composite, Composite, Camera] Focal Length: 6.0mm (35mm equivalent: 618.9mm)
