[File, File, Image] File Name: Minolta.jpg
[File, File, Image] File Size: 18KB
[File, File, Image] File Type: JPG
[File, File, Image] Image Width: 160
[File, File, Image] Image Height: 120
[EXIF, IFD0, Image] Image Description: DCF 1.0
[EXIF, IFD0, Camera] Make: Minolta Co., Ltd.
[EXIF, IFD0, Camera] Camera Model Name: DiMAGE 7i
[EXIF, IFD0, Image] Orientation: Horizontal (normal)
[EXIF, IFD0, Image] X Resolution: 72
[EXIF, IFD0, Image] Y Resolution: 72
[EXIF, IFD0, Image] Resolution Unit: inches
[EXIF, IFD0, Image] Software: Ver.1.00u
[EXIF, IFD0, Time] Date/Time Of Last Modification: 2002:06:01 12:37:27
[EXIF, IFD0, Image] Y Cb Cr Positioning: Centered
[EXIF, ExifIFD, Image] Tv(Shutter Speed): 1/180
[EXIF, ExifIFD, Image] Av(Aperture Value): 5.6
[EXIF, ExifIFD, Camera] Exposure Program: Program AE
[EXIF, ExifIFD, Image] ISO Speed: 100
[EXIF, ExifIFD, Image] Exif Version: 0220
[EXIF, ExifIFD, Time] Shooting Date/Time: 2002:06:01 12:37:27
[EXIF, ExifIFD, Time] Date/Time Of Digitization: 2002:06:01 12:37:27
[EXIF, ExifIFD, Image] Components Configuration: YCbCr
[EXIF, ExifIFD, Image] Brightness Value: 7.5
[EXIF, ExifIFD, Image] Exposure Compensation: 0
[EXIF, ExifIFD, Camera] Max Aperture Value: 3.4
[EXIF, ExifIFD, Camera] Metering Mode: Multi-segment
[EXIF, ExifIFD, Camera] Light Source: Unknown (0)
[EXIF, ExifIFD, Camera] Flash: Off
[EXIF, ExifIFD, Camera] Focal Length: 42.3mm
[EXIF, ExifIFD, Camera] Subject Location: 960 960 320 192
[EXIF, ExifIFD, Image] Flashpix Version: 0100
[EXIF, ExifIFD, Image] Color Space: sRGB
[EXIF, ExifIFD, Image] Exif Image Width: 2560
[EXIF, ExifIFD, Image] Exif Image Length: 1920
[EXIF, InteropIFD, Image] Interoperability Index: R98
[EXIF, InteropIFD, Image] Interoperability Version: 0100
[EXIF, ExifIFD, Image] Custom Rendered: Custom
[EXIF, ExifIFD, Camera] Exposure Mode: Auto
[EXIF, ExifIFD, Camera] Digital Zoom Ratio: 0
[EXIF, ExifIFD, Camera] Focal Length In 35mm Format: 167
[EXIF, ExifIFD, Camera] Scene Capture Type: Standard
[EXIF, ExifIFD, Camera] Gain Control: None
[EXIF, ExifIFD, Camera] Contrast: Normal
[EXIF, ExifIFD, Camera] Saturation: Normal
[EXIF, ExifIFD, Camera] Sharpness: Normal
[EXIF, ExifIFD, Camera] Subject Distance Range: Close
[EXIF, IFD1, Image] Compression: JPEG (old-style)
[EXIF, IFD1, Image] Orientation: Horizontal (normal)
[EXIF, IFD1, Image] X Resolution: 72
[EXIF, IFD1, Image] Y Resolution: 72
[EXIF, IFD1, Image] Resolution Unit: inches
[EXIF, IFD1, Image] Thumbnail Offset: 13186
[EXIF, IFD1, Image] Thumbnail Length: 3709
[EXIF, IFD1, Image] Y Cb Cr Positioning: Centered
[MakerNotes, Minolta, Camera] Maker Note Version: MLT0
[MakerNotes, Minolta, Camera] Exposure Mode: Program
[MakerNotes, Minolta, Camera] Flash Mode: Fill flash
[MakerNotes, Minolta, Camera] White Balance: Auto
[MakerNotes, Minolta, Camera] Minolta Image Size: 2560x1920 (2048x1536)
[MakerNotes, Minolta, Camera] Minolta Quality: Fine
[MakerNotes, Minolta, Camera] Drive Mode: single
[MakerNotes, Minolta, Camera] Metering Mode: multi-segment
[MakerNotes, Minolta, Camera] Minolta ISO: 100
[MakerNotes, Minolta, Camera] Minolta Shutter Speed: 1/181
[MakerNotes, Minolta, Camera] Minolta Aperture: 5.7
[MakerNotes, Minolta, Camera] Macro Mode: Off
[MakerNotes, Minolta, Camera] Digital Zoom: Off
[MakerNotes, Minolta, Camera] Exposure Compensation: 0
[MakerNotes, Minolta, Camera] Bracket Step: 1/3 EV
[MakerNotes, Minolta, Camera] Interval Length: 0
[MakerNotes, Minolta, Camera] Interval Number: 2
[MakerNotes, Minolta, Camera] Focal Length: 41.3671875
[MakerNotes, Minolta, Camera] Focus Distance: 2 m
[MakerNotes, Minolta, Camera] Flash Fired: No
[MakerNotes, Minolta, Camera] Minolta Date: 2002:06:01
[MakerNotes, Minolta, Camera] Minolta Time: 12:37:27
[MakerNotes, Minolta, Camera] Max Aperture: 3.4
[MakerNotes, Minolta, Camera] File Number Memory: On
[MakerNotes, Minolta, Camera] Last File Number: 32
[MakerNotes, Minolta, Camera] Color Balance Red: 1.49609375
[MakerNotes, Minolta, Camera] Color Balance Green: 1
[MakerNotes, Minolta, Camera] Color Balance Blue: 1.375
[MakerNotes, Minolta, Camera] Saturation: Normal
[MakerNotes, Minolta, Camera] Contrast: Normal
[MakerNotes, Minolta, Camera] Sharpness: Normal
[MakerNotes, Minolta, Camera] Subject Program: None
[MakerNotes, Minolta, Camera] Flash Exposure Compensation: 0
[MakerNotes, Minolta, Camera] ISO Setting: 100
[MakerNotes, Minolta, Camera] Minolta Model: DiMAGE 7i
[MakerNotes, Minolta, Camera] Interval Mode: Still Image
[MakerNotes, Minolta, Camera] Folder Name: Standard Form
[MakerNotes, Minolta, Camera] Color Mode: Natural color
[MakerNotes, Minolta, Camera] Color Filter: 0
[MakerNotes, Minolta, Camera] BW Filter: 0
[MakerNotes, Minolta, Camera] Internal Flash: No
[MakerNotes, Minolta, Camera] Brightness: 7.5
[MakerNotes, Minolta, Camera] Spot Focus Point X: 1280
[MakerNotes, Minolta, Camera] Spot Focus Point Y: 960
[MakerNotes, Minolta, Camera] Wide Focus Zone: Left zone
[MakerNotes, Minolta, Camera] Focus Mode: AF
[MakerNotes, Minolta, Camera] Focus Area: Wide Focus (normal)
[MakerNotes, Minolta, Camera] DEC Position: exposure
[MakerNotes, Minolta, Camera] Compressed Image Size: 2396300
[MakerNotes, Minolta, Camera] Preview Image Start: 2414503
[MakerNotes, Minolta, Camera] Preview Image Length: 47509
[Composite, Composite, Image] Av(Aperture Value): 5.6
[Composite, Composite, Image] Image Size: 160x120
[Composite, Composite, Image] Preview Image: (Binary data 47509 bytes)
[Composite, Composite, Camera] Scale Factor To 35mm Equivalent: 4.0
[Composite, Composite, Image] Tv(Shutter Speed): 1/180
[Composite, Composite, Image] Thumbnail Image: (Binary data 3709 bytes)
[Composite, Composite, Camera] Focal Length: 41.4mm (35mm equivalent: 167.0mm)
