[File, File, Image] File Name: Nikon.jpg
[File, File, Image] File Size: 8KB
[File, File, Image] File Type: JPG
[File, File, Image] Image Width: 160
[File, File, Image] Image Height: 120
[IFD0, EXIF, Image] Image Description:           
[IFD0, EXIF, Camera] Make: NIKON
[IFD0, EXIF, Camera] Camera Model Name: E775
[IFD0, EXIF, Image] Orientation: Horizontal (normal)
[IFD0, EXIF, Image] X Resolution: 300
[IFD0, EXIF, Image] Y Resolution: 300
[IFD0, EXIF, Image] Resolution Unit: inches
[IFD0, EXIF, Image] Software: E775v1.3u
[IFD0, EXIF, Time] Date/Time Of Last Modification: 2001:08:01 12:57:23
[IFD0, EXIF, Image] Y Cb Cr Positioning: Co-sited
[ExifIFD, EXIF, Image] Tv(Shutter Speed): 1/213
[ExifIFD, EXIF, Image] Av(Aperture Value): 9.4
[ExifIFD, EXIF, Camera] Exposure Program: Program AE
[ExifIFD, EXIF, Image] ISO Speed: 100
[ExifIFD, EXIF, Image] Exif Version: 0210
[ExifIFD, EXIF, Time] Shooting Date/Time: 2001:08:01 12:57:23
[ExifIFD, EXIF, Time] Date/Time Of Digitization: 2001:08:01 12:57:23
[ExifIFD, EXIF, Image] Components Configuration: YCbCr
[ExifIFD, EXIF, Image] Compressed Bits Per Pixel: 3
[ExifIFD, EXIF, Image] Exposure Compensation: 0
[ExifIFD, EXIF, Camera] Max Aperture Value: 3.4
[ExifIFD, EXIF, Camera] Metering Mode: Multi-segment
[ExifIFD, EXIF, Camera] Light Source: Unknown (0)
[ExifIFD, EXIF, Camera] Flash: No Flash
[ExifIFD, EXIF, Camera] Focal Length: 8.6mm
[ExifIFD, EXIF, Image] User Comment: 
[ExifIFD, EXIF, Image] Flash Pix Version: 0100
[ExifIFD, EXIF, Image] Color Space: sRGB
[ExifIFD, EXIF, Image] Exif Image Width: 1600
[ExifIFD, EXIF, Image] Exif Image Length: 1200
[ExifIFD, EXIF, Image] File Source: Digital Camera
[ExifIFD, EXIF, Image] Scene Type: Directly photographed
[Nikon, MakerNotes, Camera] File System Version: 
[Nikon, MakerNotes, Image] ISO Used: 0
[Nikon, MakerNotes, Camera] Color Mode: COLOR
[Nikon, MakerNotes, Camera] Quality: FINE  
[Nikon, MakerNotes, Camera] White Balance: AUTO        
[Nikon, MakerNotes, Camera] Sharpness: AUTO  
[Nikon, MakerNotes, Camera] Focus Mode: AF-C  
[Nikon, MakerNotes, Camera] Flash Setting:        
[Nikon, MakerNotes, Camera] ISO Selection: AUTO  
[Nikon, MakerNotes, Camera] Image Adjustment: NORMAL       
[Nikon, MakerNotes, Camera] Auxiliary Lens: OFF         
[Nikon, MakerNotes, Camera] Manual Focus Distance: inf
[Nikon, MakerNotes, Camera] Digital Zoom: 1
[Nikon, MakerNotes, Camera] AF Point: Center
[Nikon, MakerNotes, Camera] Data Dump: (Binary data 122 bytes)
[InteropIFD, EXIF, Image] Interoperability Index: R98
[InteropIFD, EXIF, Image] Interoperability Version: 0100
[IFD1, EXIF, Image] Compression: JPEG
[IFD1, EXIF, Image] X Resolution: 300
[IFD1, EXIF, Image] Y Resolution: 300
[IFD1, EXIF, Image] Resolution Unit: inches
[IFD1, EXIF, Image] Thumbnail Offset: 2036
[IFD1, EXIF, Image] Thumbnail Length: 4475
[Composite, Composite, Image] Av(Aperture Value): 9.4
[Composite, Composite, Image] Image Size: 160x120
[Composite, Composite, Image] Tv(Shutter Speed): 1/213
[Composite, Composite, Image] Thumbnail Image: (Binary data 4475 bytes)
[Composite, Composite, Camera] Focal Length: 8.6mm
