[File, File, Image] File Name: Panasonic.jpg
[File, File, Image] File Size: 28KB
[File, File, Image] File Type: JPG
[File, File, Image] Image Width: 160
[File, File, Image] Image Height: 120
[EXIF, IFD0, Camera] Make: Panasonic
[EXIF, IFD0, Camera] Camera Model Name: DMC-FZ3
[EXIF, IFD0, Image] Orientation: Horizontal (normal)
[EXIF, IFD0, Image] X Resolution: 72
[EXIF, IFD0, Image] Y Resolution: 72
[EXIF, IFD0, Image] Resolution Unit: inches
[EXIF, IFD0, Time] Date/Time Of Last Modification: 2004:08:28 15:55:46
[EXIF, IFD0, Image] Y Cb Cr Positioning: Co-sited
[EXIF, ExifIFD, Image] Tv(Shutter Speed): 1/400
[EXIF, ExifIFD, Image] Av(Aperture Value): 4.0
[EXIF, ExifIFD, Camera] Exposure Program: Program AE
[EXIF, ExifIFD, Image] ISO Speed: 80
[EXIF, ExifIFD, Image] Exif Version: 0220
[EXIF, ExifIFD, Time] Shooting Date/Time: 2004:08:28 15:55:46
[EXIF, ExifIFD, Time] Date/Time Of Digitization: 2004:08:28 15:55:46
[EXIF, ExifIFD, Image] Components Configuration: YCbCr
[EXIF, ExifIFD, Image] Compressed Bits Per Pixel: 4
[EXIF, ExifIFD, Image] Exposure Compensation: 0
[EXIF, ExifIFD, Camera] Max Aperture Value: 2.8
[EXIF, ExifIFD, Camera] Metering Mode: Multi-segment
[EXIF, ExifIFD, Camera] Light Source: Unknown (0)
[EXIF, ExifIFD, Camera] Flash: Off
[EXIF, ExifIFD, Camera] Focal Length: 4.6mm
[EXIF, ExifIFD, Image] Flashpix Version: 0100
[EXIF, ExifIFD, Image] Color Space: sRGB
[EXIF, ExifIFD, Image] Exif Image Width: 2016
[EXIF, ExifIFD, Image] Exif Image Length: 1512
[EXIF, InteropIFD, Image] Interoperability Index: R98
[EXIF, InteropIFD, Image] Interoperability Version: 0100
[EXIF, ExifIFD, Camera] Sensing Method: One-chip color area
[EXIF, ExifIFD, Image] File Source: Digital Camera
[EXIF, ExifIFD, Image] Scene Type: Directly photographed
[EXIF, ExifIFD, Image] Custom Rendered: Normal
[EXIF, ExifIFD, Camera] Exposure Mode: Auto
[EXIF, ExifIFD, Camera] Digital Zoom Ratio: 0
[EXIF, ExifIFD, Camera] Focal Length In 35mm Format: 35
[EXIF, ExifIFD, Camera] Scene Capture Type: Standard
[EXIF, ExifIFD, Camera] Gain Control: None
[EXIF, ExifIFD, Camera] Contrast: Normal
[EXIF, ExifIFD, Camera] Saturation: Normal
[EXIF, ExifIFD, Camera] Sharpness: Normal
[EXIF, IFD1, Image] Compression: JPEG (old-style)
[EXIF, IFD1, Image] Orientation: Horizontal (normal)
[EXIF, IFD1, Image] X Resolution: 72
[EXIF, IFD1, Image] Y Resolution: 72
[EXIF, IFD1, Image] Resolution Unit: inches
[EXIF, IFD1, Image] Thumbnail Offset: 6804
[EXIF, IFD1, Image] Thumbnail Length: 6223
[EXIF, IFD1, Image] Y Cb Cr Positioning: Co-sited
[MakerNotes, Panasonic, Camera] Image Quality: High
[MakerNotes, Panasonic, Camera] Firmware Version: 0.1.0.8
[MakerNotes, Panasonic, Camera] White Balance: Auto
[MakerNotes, Panasonic, Camera] Focus Mode: Auto
[MakerNotes, Panasonic, Camera] Spot Mode: Spot Mode On
[MakerNotes, Panasonic, Camera] Image Stabilizer: On, Mode 2
[MakerNotes, Panasonic, Camera] Macro Mode: Off
[MakerNotes, Panasonic, Camera] Shooting Mode: Program
[MakerNotes, Panasonic, Camera] Audio: No
[MakerNotes, Panasonic, Camera] Data Dump: (Binary data 5428 bytes)
[MakerNotes, Panasonic, Camera] White Balance Bias: 0
[MakerNotes, Panasonic, Camera] Flash Bias: 0
[MakerNotes, Panasonic, Camera] Serial Number: S000407190102
[MakerNotes, Panasonic, Camera] Color Effect: Off
[MakerNotes, Panasonic, Camera] Contrast: Standard
[MakerNotes, Panasonic, Camera] Noise Reduction: Standard
[Composite, Composite, Image] Av(Aperture Value): 4.0
[Composite, Composite, Image] Image Size: 160x120
[Composite, Composite, Camera] Scale Factor To 35mm Equivalent: 7.6
[Composite, Composite, Image] Tv(Shutter Speed): 1/400
[Composite, Composite, Image] Thumbnail Image: (Binary data 6223 bytes)
[Composite, Composite, Camera] Focal Length: 4.6mm (35mm equivalent: 35.0mm)
