[File, File, Image] File Name: Pentax.jpg
[File, File, Image] File Size: 41KB
[File, File, Image] File Type: JPG
[File, File, Image] Image Width: 160
[File, File, Image] Image Height: 120
[IFD0, EXIF, Camera] Make: PENTAX Corporation 
[IFD0, EXIF, Camera] Camera Model Name: PENTAX Optio S 
[IFD0, EXIF, Image] Orientation: Horizontal (normal)
[IFD0, EXIF, Image] X Resolution: 72
[IFD0, EXIF, Image] Y Resolution: 72
[IFD0, EXIF, Image] Resolution Unit: inches
[IFD0, EXIF, Image] Software: Optio S V1.00    
[IFD0, EXIF, Time] Date/Time Of Last Modification: 2003:03:06 13:09:25
[IFD0, EXIF, Image] Y Cb Cr Positioning: Centered
[ExifIFD, EXIF, Image] Tv(Shutter Speed): 1/500
[ExifIFD, EXIF, Image] Av(Aperture Value): 5.6
[ExifIFD, EXIF, Camera] Exposure Program: Program AE
[ExifIFD, EXIF, Image] Exif Version: 0220
[ExifIFD, EXIF, Time] Shooting Date/Time: 2003:03:06 13:09:25
[ExifIFD, EXIF, Time] Date/Time Of Digitization: 2003:03:06 13:09:25
[ExifIFD, EXIF, Image] Components Configuration: YCbCr
[ExifIFD, EXIF, Image] Compressed Bits Per Pixel: 0.3581
[ExifIFD, EXIF, Image] Exposure Compensation: 0
[ExifIFD, EXIF, Camera] Max Aperture Value: 2.6
[ExifIFD, EXIF, Camera] Metering Mode: Multi-segment
[ExifIFD, EXIF, Camera] Light Source: Unknown (0)
[ExifIFD, EXIF, Camera] Flash: Off
[ExifIFD, EXIF, Camera] Focal Length: 10.2mm
[ExifIFD, EXIF, Image] Flash Pix Version: 0100
[ExifIFD, EXIF, Image] Color Space: sRGB
[ExifIFD, EXIF, Image] Exif Image Width: 2048
[ExifIFD, EXIF, Image] Exif Image Length: 1536
[ExifIFD, EXIF, Image] File Source: Digital Camera
[ExifIFD, EXIF, Image] Custom Rendered: Normal
[ExifIFD, EXIF, Camera] Exposure Mode: Auto
[ExifIFD, EXIF, Camera] White Balance: Auto
[ExifIFD, EXIF, Camera] Digital Zoom Ratio: inf
[ExifIFD, EXIF, Camera] Focal Length In 35mm Format: 62
[ExifIFD, EXIF, Camera] Scene Capture Type: Standard
[ExifIFD, EXIF, Camera] Gain Control: Low gain down
[ExifIFD, EXIF, Camera] Contrast: Normal
[ExifIFD, EXIF, Camera] Saturation: Normal
[ExifIFD, EXIF, Camera] Sharpness: Normal
[ExifIFD, EXIF, Camera] Subject Distance Range: Distant
[Pentax, MakerNotes, Camera] Pentax Mode: Night-scene
[Pentax, MakerNotes, Image] Preview Image Size: 320x240
[Pentax, MakerNotes, Image] Preview Image Length: 31408
[Pentax, MakerNotes, Image] Preview Image Start: 1266
[Pentax, MakerNotes, Camera] Image Quality: Better
[Pentax, MakerNotes, Image] Pentax Image Size: 2048x1536
[Pentax, MakerNotes, Camera] Pentax Picture Mode: Not Selected
[Pentax, MakerNotes, Camera] Pentax Focus Mode: 0
[Pentax, MakerNotes, Camera] Pentax ISO: 50
[Pentax, MakerNotes, Camera] Pentax AE Metering: Multi Segment
[Pentax, MakerNotes, Camera] Pentax White Balance: Auto
[Pentax, MakerNotes, Camera] Pentax Focal Length: 102
[Pentax, MakerNotes, Camera] Pentax Zoom: 100
[Pentax, MakerNotes, Camera] Pentax Saturation: Low
[Pentax, MakerNotes, Camera] Pentax Contrast: Low
[Pentax, MakerNotes, Camera] Pentax Sharpness: Soft
[InteropIFD, EXIF, Image] Interoperability Index: R98
[InteropIFD, EXIF, Image] Interoperability Version: 0100
[IFD1, EXIF, Image] Compression: JPEG
[IFD1, EXIF, Image] X Resolution: 72
[IFD1, EXIF, Image] Y Resolution: 72
[IFD1, EXIF, Image] Resolution Unit: inches
[IFD1, EXIF, Image] Thumbnail Offset: 32786
[IFD1, EXIF, Image] Thumbnail Length: 8338
[Composite, Composite, Image] Av(Aperture Value): 5.6
[Composite, Composite, Image] Image Size: 160x120
[Composite, Composite, Image] Preview Image: (Binary data 31408 bytes)
[Composite, Composite, Camera] Scale Factor To 35mm Equivalent: 6.1
[Composite, Composite, Image] Tv(Shutter Speed): 1/500
[Composite, Composite, Image] Thumbnail Image: (Binary data 8338 bytes)
[Composite, Composite, Camera] Focal Length: 10.2mm (35mm equivalent: 62.0mm)
