[File, File, Image] File Name: Sanyo.jpg
[File, File, Image] File Size: 14KB
[File, File, Image] File Type: JPG
[File, File, Image] Image Width: 160
[File, File, Image] Image Height: 120
[IFD0, EXIF, Image] Image Description: SANYO DIGITAL CAMERA
[IFD0, EXIF, Camera] Make: SANYO Electric Co.,Ltd.
[IFD0, EXIF, Camera] Camera Model Name: VPC-MZ3 
[IFD0, EXIF, Image] Orientation: Horizontal (normal)
[IFD0, EXIF, Image] X Resolution: 72
[IFD0, EXIF, Image] Y Resolution: 72
[IFD0, EXIF, Image] Resolution Unit: inches
[IFD0, EXIF, Image] Software: V612P-75
[IFD0, EXIF, Time] Date/Time Of Last Modification: 2003:10:11 12:43:05
[IFD0, EXIF, Image] Y Cb Cr Positioning: Co-sited
[ExifIFD, EXIF, Image] Tv(Shutter Speed): 1/185
[ExifIFD, EXIF, Image] Av(Aperture Value): 6.9
[ExifIFD, EXIF, Camera] Exposure Program: Program AE
[ExifIFD, EXIF, Image] ISO Speed: 400
[ExifIFD, EXIF, Image] Exif Version: 0220
[ExifIFD, EXIF, Time] Shooting Date/Time: 2003:10:11 12:43:05
[ExifIFD, EXIF, Time] Date/Time Of Digitization: 2003:10:11 12:43:05
[ExifIFD, EXIF, Image] Components Configuration: YCbCr
[ExifIFD, EXIF, Image] Compressed Bits Per Pixel: 2.9
[ExifIFD, EXIF, Image] Brightness Value: 0
[ExifIFD, EXIF, Image] Exposure Compensation: 0
[ExifIFD, EXIF, Camera] Max Aperture Value: 2.8
[ExifIFD, EXIF, Camera] Metering Mode: Multi-spot
[ExifIFD, EXIF, Camera] Light Source: Unknown (9)
[ExifIFD, EXIF, Camera] Flash: Auto, Did not fire
[ExifIFD, EXIF, Camera] Focal Length: 23.1mm
[ExifIFD, EXIF, Image] User Comment: 
[ExifIFD, EXIF, Image] Flash Pix Version: 0100
[ExifIFD, EXIF, Image] Color Space: sRGB
[ExifIFD, EXIF, Image] Exif Image Width: 2000
[ExifIFD, EXIF, Image] Exif Image Length: 1496
[ExifIFD, EXIF, Image] File Source: Digital Camera
[ExifIFD, EXIF, Image] Custom Rendered: Normal
[ExifIFD, EXIF, Camera] Exposure Mode: Auto
[ExifIFD, EXIF, Camera] White Balance: Manual
[ExifIFD, EXIF, Camera] Digital Zoom Ratio: 0
[ExifIFD, EXIF, Camera] Focal Length In 35mm Format: 11113
[ExifIFD, EXIF, Camera] Scene Capture Type: Standard
[ExifIFD, EXIF, Camera] Gain Control: High gain up
[ExifIFD, EXIF, Camera] Contrast: Normal
[ExifIFD, EXIF, Camera] Saturation: Normal
[ExifIFD, EXIF, Camera] Sharpness: Normal
[ExifIFD, EXIF, Camera] Subject Distance Range: Close
[Sanyo, MakerNotes, Camera] Maker Note Offset: 1076
[Sanyo, MakerNotes, Camera] Special Mode: 0 0 0
[Sanyo, MakerNotes, Camera] Sanyo Quality: Fine/Very High
[Sanyo, MakerNotes, Camera] Macro: Normal
[Sanyo, MakerNotes, Camera] Digital Zoom: 0
[Sanyo, MakerNotes, Camera] Sequential Shot: None
[Sanyo, MakerNotes, Camera] Wide Range: Off
[Sanyo, MakerNotes, Camera] Color Adjustment Mode: Off
[Sanyo, MakerNotes, Camera] Quick Shot: Off
[Sanyo, MakerNotes, Camera] Self Timer: Off
[Sanyo, MakerNotes, Camera] Voice Memo: Off
[Sanyo, MakerNotes, Camera] Record Shutter Release: Record while down
[Sanyo, MakerNotes, Camera] Flicker Reduce: Off
[Sanyo, MakerNotes, Camera] Optical Zoom On: On
[Sanyo, MakerNotes, Camera] Digital Zoom On: Off
[Sanyo, MakerNotes, Camera] Light Source Special: Off
[Sanyo, MakerNotes, Camera] Resaved: No
[Sanyo, MakerNotes, Camera] Scene Select: Off
[Sanyo, MakerNotes, Camera] Manual Focus Distance: 1
[Sanyo, MakerNotes, Camera] Sequence Shot Interval: 5 frames/sec
[Sanyo, MakerNotes, Camera] Flash Mode: Red eye
[InteropIFD, EXIF, Image] Interoperability Index: R98
[InteropIFD, EXIF, Image] Interoperability Version: 0100
[IFD1, EXIF, Image] Compression: JPEG
[IFD1, EXIF, Image] X Resolution: 72
[IFD1, EXIF, Image] Y Resolution: 72
[IFD1, EXIF, Image] Resolution Unit: inches
[IFD1, EXIF, Image] Thumbnail Offset: 1906
[IFD1, EXIF, Image] Thumbnail Length: 10998
[Composite, Composite, Image] Av(Aperture Value): 6.9
[Composite, Composite, Image] Image Size: 160x120
[Composite, Composite, Camera] Scale Factor To 35mm Equivalent: 481.1
[Composite, Composite, Image] Tv(Shutter Speed): 1/185
[Composite, Composite, Image] Thumbnail Image: (Binary data 10998 bytes)
[Composite, Composite, Camera] Focal Length: 23.1mm (35mm equivalent: 11113.0mm)
