[File, File, Image] File Name: Unknown.jpg
[File, File, Image] File Size: 4KB
[File, File, Image] File Type: JPG
[File, File, Image] Image Width: 160
[File, File, Image] Image Height: 120
[EXIF, IFD0, Camera] Make: Xxxxx
[EXIF, IFD0, Camera] Camera Model Name: Canon EOS 10D
[EXIF, IFD0, Image] Orientation: Horizontal (normal)
[EXIF, IFD0, Image] X Resolution: 180
[EXIF, IFD0, Image] Y Resolution: 180
[EXIF, IFD0, Image] Resolution Unit: inches
[EXIF, IFD0, Time] Date/Time Of Last Modification: 2003:11:30 18:05:18
[EXIF, IFD0, Image] Y Cb Cr Positioning: Centered
[EXIF, ExifIFD, Image] Tv(Shutter Speed): 3.2
[EXIF, ExifIFD, Image] Av(Aperture Value): 5.0
[EXIF, ExifIFD, Image] ISO Speed: 200
[EXIF, ExifIFD, Image] Exif Version: 0221
[EXIF, ExifIFD, Time] Shooting Date/Time: 2003:11:30 18:05:18
[EXIF, ExifIFD, Time] Date/Time Of Digitization: 2003:11:30 18:05:18
[EXIF, ExifIFD, Image] Components Configuration: YCbCr
[EXIF, ExifIFD, Image] Compressed Bits Per Pixel: 9
[EXIF, ExifIFD, Image] Shutter Speed Value: 3.2
[EXIF, ExifIFD, Image] Aperture Value: 5.0
[EXIF, ExifIFD, Image] Exposure Compensation: 0
[EXIF, ExifIFD, Camera] Max Aperture Value: 2.8
[EXIF, ExifIFD, Camera] Metering Mode: Multi-segment
[EXIF, ExifIFD, Camera] Flash: No Flash
[EXIF, ExifIFD, Camera] Focal Length: 14.0mm
[EXIF, ExifIFD, Image] User Comment: 
[EXIF, ExifIFD, Image] Flashpix Version: 0100
[EXIF, ExifIFD, Image] Color Space: sRGB
[EXIF, ExifIFD, Image] Exif Image Width: 160
[EXIF, ExifIFD, Image] Exif Image Length: 120
[EXIF, InteropIFD, Image] Interoperability Index: THM
[EXIF, InteropIFD, Image] Interoperability Version: 0100
[EXIF, InteropIFD, Image] Related Image Width: 3072
[EXIF, InteropIFD, Image] Related Image Length: 2048
[EXIF, ExifIFD, Image] Focal Plane X Resolution: 3444
[EXIF, ExifIFD, Image] Focal Plane Y Resolution: 3442
[EXIF, ExifIFD, Camera] Focal Plane Resolution Unit: inches
[EXIF, ExifIFD, Camera] Sensing Method: One-chip color area
[EXIF, ExifIFD, Image] File Source: Digital Camera
[EXIF, ExifIFD, Image] Custom Rendered: Normal
[EXIF, ExifIFD, Camera] Exposure Mode: Manual
[EXIF, ExifIFD, Camera] White Balance: Auto
[EXIF, ExifIFD, Camera] Scene Capture Type: Standard
[MakerNotes, MakerUnknown, Camera] Unknown 0x0001: 92 0 20 4 0 0 0 3 0 2 0 1 0 2 2 2 0 3 2 0 4 32767 65535[...]
[MakerNotes, MakerUnknown, Camera] Unknown 0x0002: 0 14 914 610
[MakerNotes, MakerUnknown, Camera] Unknown 0x0003: 100 0 0 0
[MakerNotes, MakerUnknown, Camera] Unknown 0x0004: 66 0 192 65408 149 65482 0 0 3 0 8 8 0 0 0 0 0 0 1 0 0 [...]
[MakerNotes, MakerUnknown, Camera] Unknown 0x0093: 18 0 0 0 0 0 65535 65535 65535
[MakerNotes, MakerUnknown, Camera] Unknown 0x0006: CRW:EOS 10D CMOS RAW IMAGE
[MakerNotes, MakerUnknown, Camera] Unknown 0x0007: Firmware Version 2.0.0
[MakerNotes, MakerUnknown, Camera] Unknown 0x000c: 920304128
[MakerNotes, MakerUnknown, Camera] Unknown 0x0015: 2415919104
[MakerNotes, MakerUnknown, Camera] Unknown 0x0008: 1424263
[MakerNotes, MakerUnknown, Camera] Unknown 0x0009: 
[MakerNotes, MakerUnknown, Camera] Unknown 0x0010: 2147484008
[MakerNotes, MakerUnknown, Camera] Unknown 0x000e: 5073944
[MakerNotes, MakerUnknown, Camera] Unknown 0x000d: 0 0 0 0 0 0 0 0 0 0 0 0 0 0 0 0 0 0 0 0 0 0 0 0 0 0 0 0[...]
[MakerNotes, MakerUnknown, Camera] Unknown 0x000f: 36 260 512 768 1024 1280 1537 1796 2048 2305 2560 2817 [...]
[MakerNotes, MakerUnknown, Camera] Unknown 0x00c0: 26 335 379 377 182 263 467 464 302 190 518 516 450
[MakerNotes, MakerUnknown, Camera] Unknown 0x00c1: 26 338 364 365 160 252 428 430 252 185 484 487 396
[MakerNotes, MakerUnknown, Camera] Unknown 0x00aa: 10 289 1021 1027 1362
[MakerNotes, MakerUnknown, Camera] Unknown 0x00a8: 20 6016 5181 7000 5986 3229 3948 6084 5693 4097
[MakerNotes, MakerUnknown, Camera] Unknown 0x00a9: 82 1950 829 834 871 1821 829 834 958 2163 829 834 821 1[...]
[MakerNotes, MakerUnknown, Camera] Unknown 0x00ae: 4100
[MakerNotes, MakerUnknown, Camera] Unknown 0x00b4: 1
[MakerNotes, MakerUnknown, Camera] Unknown 0x0012: 7 7 3072 2048 3072 2048 151 151 1014 608 0 0 0 64928 64[...]
[MakerNotes, MakerUnknown, Camera] Unknown 0x0013: 0 159 7 112
[MakerNotes, MakerUnknown, Camera] Unknown 0x00b5: 10 2 2 1536 1024
[Composite, Composite, Image] Av(Aperture Value): 5.0
[Composite, Composite, Image] Image Size: 160x120
[Composite, Composite, Camera] Scale Factor To 35mm Equivalent: 29.3
[Composite, Composite, Image] Tv(Shutter Speed): 3.2
[Composite, Composite, Camera] Focal Length: 14.0mm (35mm equivalent: 410.6mm)
