AEBBracketValue: 0
AFPointsUsed: (none)
Aperture: 14.0
ApertureValue: 14.0
AutoExposureBracketing: Off
AutoRotate: None
BracketMode: Off
BracketShotNumber: 0
BracketValue: 0
BulbDuration: 4
CameraISO: Use shot ISO instead
CanonExposureMode: Manual
CanonFileLength: 4480822
CanonFirmwareVersion: Firmware Version 1.1.1
CanonFlashMode: Off
CanonImageHeight: 2048
CanonImageHeightAsShot: 2048
CanonImageSize: Large
CanonImageType: CRW:EOS DIGITAL REBEL CMOS RAW
CanonImageWidth: 3072
CanonImageWidthAsShot: 3072
CanonModelID: EOS Digital Rebel / 300D / Kiss Digital
CircleOfConfusion: 0.019 mm
ColorSpace: sRGB
ColorSpace (1): sRGB
ColorTemperature: 5200
ColorTone: Normal
Comment: New comment in JPG file
ComponentsConfiguration: YCbCr
CompressedBitsPerPixel: 9
ContinuousDrive: Continuous
Contrast: +1
CreateDate: 2003:12:04 06:46:52
CustomRendered: Normal
DateTimeOriginal: 2003:12:04 06:46:52
DigitalZoom: Unknown (-1)
Directory: t
DriveMode: Continuous shooting
EasyMode: Manual
ExifImageLength: 120
ExifImageWidth: 160
ExifToolVersion: 6.00
ExifVersion: 0221
ExposureCompensation: 0
ExposureCompensation (1): 0
ExposureMode: Manual
ExposureTime: 4
ExposureTime (1): 128
FNumber: 14.0
FNumber (1): 14
FileModifyDate: 2006:02:14 14:56:03
FileName: Writer_2_failed.jpg
FileNumber: 118-1861
FileSize: 3 kB
FileSource: Digital Camera
FileType: JPEG
Flash: No Flash
FlashActivity: 0
FlashBits: (none)
FlashExposureComp: 0
FlashGuideNumber: 0
FlashOn: Off
FlashpixVersion: 0100
FocalLength: 34.0mm
FocalLength (1): 34mm
FocalLength35efl: 34.0mm (35mm equivalent: 52.7mm)
FocalPlaneResolutionUnit: inches
FocalPlaneXResolution: 3443.946
FocalPlaneXSize: 23.22mm
FocalPlaneYResolution: 3442.017
FocalPlaneYSize: 15.49mm
FocalUnits: 1
FocusDistanceLower: 5.46
FocusDistanceUpper: -0.01
FocusMode: Manual Focus
FocusRange: Not Known
HyperfocalDistance: 4.26 m
ISO: 100
ISO (1): 100
ImageHeight: 8
ImageSize: 8x8
ImageWidth: 8
InteropIndex: THM
InteropVersion: 0100
Lens: 18.0 - 55.0mm
Lens35efl: 18.0 - 55.0mm (35mm equivalent: 27.9 - 85.3mm)
LensType: Unknown (-1)
LongFocal: 55
MIMEType: image/jpeg
MacroMode: Unknown (0)
Make: Canon
MaxAperture: 4
MaxApertureValue: 4.5
MeteringMode: Center-weighted averaging
MeteringMode (1): Average
MinAperture: 27
Model: Canon EOS DIGITAL REBEL
ModifyDate: 2003:12:04 06:46:52
Orientation: Horizontal (normal)
OwnerName: Phil Harvey
Quality: RAW
RelatedImageLength: 2048
RelatedImageWidth: 3072
ResolutionUnit: inches
Saturation: +1
ScaleFactor35efl: 1.6
SceneCaptureType: Standard
Self-timer: 0
Self-timer2: 0
SensingMethod: One-chip color area
SequenceNumber: 0
SerialNumber: 0560018150
SerialNumberFormat: Format 1
Sharpness: +1
ShootingMode: Manual
ShortFocal: 18
ShutterSpeed: 4
ShutterSpeedValue: 0
SlowShutter: None
TargetAperture: 14
UserComment: 
WB_RGGBLevelsAuto: 1719 832 831 990
WB_RGGBLevelsCloudy: 1878 832 831 903
WB_RGGBLevelsCustom: 1722 832 831 989
WB_RGGBLevelsDaylight: 1722 832 831 989
WB_RGGBLevelsFlash: 1933 832 831 895
WB_RGGBLevelsFluorescent: 1506 842 841 1381
WB_RGGBLevelsKelvin: 1722 832 831 988
WB_RGGBLevelsShade: 2035 832 831 839
WB_RGGBLevelsTungsten: 1228 913 912 1668
WhiteBalance: Auto
WhiteBalance (1): Auto
XResolution: 180
YCbCrPositioning: Centered
YResolution: 180
ZoomSourceWidth: 3072
ZoomTargetWidth: 3072
